<?xml version="1.0" encoding="UTF-8"?>
<!-- Generated by org.testng.reporters.JUnitReportReporter -->
<testsuite hostname="LAPTOP-FRHK7U46" failures="0" tests="1" name="driverFactory.DriveTest" time="0.376" errors="0" timestamp="2023-07-19T12:36:50 IST" skipped="0">
  <testcase classname="driverFactory.DriveTest" name="startTest" time="0.376"/>
  <system-out/>
</testsuite> <!-- driverFactory.DriveTest -->
